\BOOKMARK [0][-]{chapter.1}{Anaconda Repository Runbook}{}% 1
\BOOKMARK [1][-]{section.1.1}{Requirements}{chapter.1}% 2
\BOOKMARK [1][-]{section.1.2}{Anaconda Repository Installation}{chapter.1}% 3
\BOOKMARK [1][-]{section.1.3}{Configure Anaconda Repository}{chapter.1}% 4
\BOOKMARK [1][-]{section.1.4}{Install Miniconda bootstrap version}{chapter.1}% 5
\BOOKMARK [1][-]{section.1.5}{Install Anaconda Repository Enterprise Packages}{chapter.1}% 6
\BOOKMARK [1][-]{section.1.6}{Install the Anaconda Repository packages via conda:}{chapter.1}% 7
\BOOKMARK [1][-]{section.1.7}{Configure Anaconda Repository Server}{chapter.1}% 8
\BOOKMARK [1][-]{section.1.8}{Set up automatic restart on reboot, fail or error}{chapter.1}% 9
\BOOKMARK [0][-]{chapter.2}{Anaconda Enterprise Notebook Runbook}{}% 10
\BOOKMARK [1][-]{section.2.1}{Requirements}{chapter.2}% 11
\BOOKMARK [1][-]{section.2.2}{Download the Installers}{chapter.2}% 12
\BOOKMARK [1][-]{section.2.3}{Gather IP addresses or FQDNs}{chapter.2}% 13
\BOOKMARK [1][-]{section.2.4}{Install AEN Server}{chapter.2}% 14
\BOOKMARK [1][-]{section.2.5}{Install AEN Gateway}{chapter.2}% 15
\BOOKMARK [1][-]{section.2.6}{Install AEN Compute}{chapter.2}% 16
\BOOKMARK [1][-]{section.2.7}{PAM Authentication \(optional\)}{chapter.2}% 17
\BOOKMARK [0][-]{chapter.3}{Anaconda Cluster Runbook}{}% 18
\BOOKMARK [1][-]{section.3.1}{Requirements}{chapter.3}% 19
\BOOKMARK [1][-]{section.3.2}{Prepare the Client Machine}{chapter.3}% 20
\BOOKMARK [1][-]{section.3.3}{Download Miniconda}{chapter.3}% 21
\BOOKMARK [1][-]{section.3.4}{Install Miniconda}{chapter.3}% 22
\BOOKMARK [1][-]{section.3.5}{Use conda to download and install Anaconda Cluster}{chapter.3}% 23
\BOOKMARK [1][-]{section.3.6}{Install the anaconda-cluster packages:}{chapter.3}% 24
\BOOKMARK [1][-]{section.3.7}{Initialize Anaconda Cluster:}{chapter.3}% 25
\BOOKMARK [1][-]{section.3.8}{Prepare Head and Compute Nodes}{chapter.3}% 26
\BOOKMARK [1][-]{section.3.9}{Configure the Cluster}{chapter.3}% 27
\BOOKMARK [1][-]{section.3.10}{Create the Cluster}{chapter.3}% 28
